<?xml version="1.0" encoding="UTF-8"?>
<testng-results ignored="0" total="1" passed="1" failed="0" skipped="0">
  <reporter-output>
  </reporter-output>
  <suite started-at="2021-07-18T13:16:23 IST" name="Default suite" finished-at="2021-07-18T13:16:24 IST" duration-ms="40">
    <groups>
    </groups>
    <test started-at="2021-07-18T13:16:23 IST" name="Default test" finished-at="2021-07-18T13:16:24 IST" duration-ms="40">
      <class name="TestNG.TestDemo">
        <test-method is-config="true" signature="m1()[pri:0, instance:TestNG.TestDemo@524d6d96]" started-at="2021-07-18T13:16:23 IST" name="m1" finished-at="2021-07-18T13:16:23 IST" duration-ms="7" status="PASS">
          <reporter-output>
          </reporter-output>
        </test-method> <!-- m1 -->
        <test-method is-config="true" signature="m5()[pri:0, instance:TestNG.TestDemo@524d6d96]" started-at="2021-07-18T13:16:23 IST" name="m5" finished-at="2021-07-18T13:16:23 IST" duration-ms="1" status="PASS">
          <reporter-output>
          </reporter-output>
        </test-method> <!-- m5 -->
        <test-method is-config="true" signature="m3()[pri:0, instance:TestNG.TestDemo@524d6d96]" started-at="2021-07-18T13:16:23 IST" name="m3" finished-at="2021-07-18T13:16:23 IST" duration-ms="0" status="PASS">
          <reporter-output>
          </reporter-output>
        </test-method> <!-- m3 -->
        <test-method signature="m4()[pri:0, instance:TestNG.TestDemo@524d6d96]" started-at="2021-07-18T13:16:23 IST" name="m4" finished-at="2021-07-18T13:16:23 IST" duration-ms="5" status="PASS">
          <reporter-output>
          </reporter-output>
        </test-method> <!-- m4 -->
        <test-method is-config="true" signature="m2()[pri:0, instance:TestNG.TestDemo@524d6d96]" started-at="2021-07-18T13:16:24 IST" name="m2" finished-at="2021-07-18T13:16:24 IST" duration-ms="1" status="PASS">
          <reporter-output>
          </reporter-output>
        </test-method> <!-- m2 -->
      </class> <!-- TestNG.TestDemo -->
    </test> <!-- Default test -->
  </suite> <!-- Default suite -->
</testng-results>
